c:\users\qwertyleniopa\desktop\programs\projects\opengl\gly\gly\release\vc142.pdb
c:\users\qwertyleniopa\desktop\programs\projects\opengl\gly\gly\release\uniform.obj
c:\users\qwertyleniopa\desktop\programs\projects\opengl\gly\gly\release\texture.obj
c:\users\qwertyleniopa\desktop\programs\projects\opengl\gly\gly\release\text.obj
c:\users\qwertyleniopa\desktop\programs\projects\opengl\gly\gly\release\shaderprogram.obj
c:\users\qwertyleniopa\desktop\programs\projects\opengl\gly\gly\release\shader.obj
c:\users\qwertyleniopa\desktop\programs\projects\opengl\gly\gly\release\image.obj
c:\users\qwertyleniopa\desktop\programs\projects\opengl\gly\gly\release\glexception.obj
c:\users\qwertyleniopa\desktop\programs\projects\opengl\gly\gly\release\deltatime.obj
c:\users\qwertyleniopa\desktop\programs\projects\opengl\gly\gly\release\gly.pdb
c:\users\qwertyleniopa\desktop\programs\projects\opengl\gly\release\gly.lib
c:\users\qwertyleniopa\desktop\programs\projects\opengl\gly\gly\release\gly.tlog\cl.command.1.tlog
c:\users\qwertyleniopa\desktop\programs\projects\opengl\gly\gly\release\gly.tlog\cl.read.1.tlog
c:\users\qwertyleniopa\desktop\programs\projects\opengl\gly\gly\release\gly.tlog\cl.write.1.tlog
c:\users\qwertyleniopa\desktop\programs\projects\opengl\gly\gly\release\gly.tlog\lib-link.read.1.tlog
c:\users\qwertyleniopa\desktop\programs\projects\opengl\gly\gly\release\gly.tlog\lib-link.write.1.tlog
c:\users\qwertyleniopa\desktop\programs\projects\opengl\gly\gly\release\gly.tlog\lib.command.1.tlog
c:\users\qwertyleniopa\desktop\programs\projects\opengl\gly\gly\release\gly.tlog\link.command.1.tlog
c:\users\qwertyleniopa\desktop\programs\projects\opengl\gly\gly\release\gly.tlog\link.read.1.tlog
c:\users\qwertyleniopa\desktop\programs\projects\opengl\gly\gly\release\gly.tlog\link.write.1.tlog
